{"C:\\Users\\Пользователь\\Desktop\\ajs4\\index.js": {"path":"C:\\Users\\Пользователь\\Desktop\\ajs4\\index.js","statementMap":{"0":{"start":{"line":3,"column":4},"end":{"line":7,"column":29}},"1":{"start":{"line":4,"column":6},"end":{"line":4,"column":24}},"2":{"start":{"line":5,"column":11},"end":{"line":7,"column":29}},"3":{"start":{"line":6,"column":6},"end":{"line":6,"column":25}},"4":{"start":{"line":7,"column":11},"end":{"line":7,"column":29}},"5":{"start":{"line":8,"column":4},"end":{"line":8,"column":17}}},"fnMap":{"0":{"name":"healthColor","decl":{"start":{"line":1,"column":24},"end":{"line":1,"column":35}},"loc":{"start":{"line":1,"column":54},"end":{"line":9,"column":3}},"line":1}},"branchMap":{"0":{"loc":{"start":{"line":3,"column":4},"end":{"line":7,"column":29}},"type":"if","locations":[{"start":{"line":3,"column":4},"end":{"line":7,"column":29}},{"start":{"line":5,"column":11},"end":{"line":7,"column":29}}],"line":3},"1":{"loc":{"start":{"line":5,"column":11},"end":{"line":7,"column":29}},"type":"if","locations":[{"start":{"line":5,"column":11},"end":{"line":7,"column":29}},{"start":{"line":7,"column":11},"end":{"line":7,"column":29}}],"line":5}},"s":{"0":3,"1":1,"2":2,"3":1,"4":1,"5":3},"f":{"0":3},"b":{"0":[1,2],"1":[1,1]},"_coverageSchema":"1a1c01bbd47fc00a2c39e90264f33305004495a9","hash":"a2a4e2029645025fa3765a79ceb7d1bcceb1eb19"}
}
